<?xml version="1.0" encoding="utf-8"?><testsuites name="pytest tests"><testsuite name="pytest" errors="0" failures="0" skipped="0" tests="19" time="3.622" timestamp="2026-06-26T01:34:59.298251+00:00" hostname="agent-env-d81061c4-fdd3-4287-bf2a-a6ce9cb80243"><testcase classname="tests.test_phase7_contest.TestSmoke" name="test_health" time="0.214" /><testcase classname="tests.test_phase7_contest.TestSmoke" name="test_config" time="0.255" /><testcase classname="tests.test_phase7_contest.TestSmoke" name="test_register_login_me" time="0.784" /><testcase classname="tests.test_phase7_contest.TestSlotjackOnlySubmission" name="test_other_streamers_rejected[https://kick.com/randomstreamer/clips/clip_abc-rejects other streamer]" time="0.529" /><testcase classname="tests.test_phase7_contest.TestSlotjackOnlySubmission" name="test_other_streamers_rejected[https://kick.com/jack/clips/clip_x-rejects partial match]" time="0.075" /><testcase classname="tests.test_phase7_contest.TestSlotjackOnlySubmission" name="test_other_streamers_rejected[https://kick.com/slotjack2/clips/clip_x-rejects suffix match]" time="0.220" /><testcase classname="tests.test_phase7_contest.TestSlotjackOnlySubmission" name="test_other_streamers_rejected[https://kick.com/notslotjack/clips/clip_x-rejects prefix match]" time="0.102" /><testcase classname="tests.test_phase7_contest.TestSlotjackOnlySubmission" name="test_other_streamers_rejected[https://example.com/foo/clips/clip_x-rejects non-kick host]" time="0.062" /><testcase classname="tests.test_phase7_contest.TestSlotjackOnlySubmission" name="test_slotjack_urls_pass_parse_gate[https://kick.com/slotjack/clips/clip_abc123]" time="0.261" /><testcase classname="tests.test_phase7_contest.TestSlotjackOnlySubmission" name="test_slotjack_urls_pass_parse_gate[https://kick.com/@slotjack/clips/clip_def]" time="0.059" /><testcase classname="tests.test_phase7_contest.TestSlotjackOnlySubmission" name="test_slotjack_urls_pass_parse_gate[https://kick.com/SLOTJACK/clips/clip_XYZ]" time="0.331" /><testcase classname="tests.test_phase7_contest.TestSmoke" name="test_user_profile_endpoint_shape" time="0.437" /><testcase classname="tests.test_phase7_contest.TestSlotjackOnlySubmission" name="test_slotjack_urls_pass_parse_gate[https://kick.com/slotjack/clip/clip_single1]" time="0.082" /><testcase classname="tests.test_phase7_contest.TestSmoke" name="test_list_clips" time="0.167" /><testcase classname="tests.test_phase7_contest.TestCommunityCounter" name="test_inflated_counts" time="0.323" /><testcase classname="tests.test_phase7_contest.TestSelfVoteBlocked" name="test_self_vote_returns_403" time="0.575" /><testcase classname="tests.test_phase7_contest.TestUnvoteWeekGate" name="test_unvote_nonexistent_clip_404" time="0.056" /><testcase classname="tests.test_phase7_contest.TestPastWeekVoteBlocked" name="test_past_week_clip_cannot_be_voted" time="0.175" /><testcase classname="tests.test_phase7_contest.TestConcurrentVoteRace" name="test_concurrent_votes_only_one_succeeds" time="0.418" /></testsuite></testsuites>