<?xml version="1.0" encoding="utf-8"?><testsuites name="pytest tests"><testsuite name="pytest" errors="0" failures="0" skipped="0" tests="4" time="1.396" timestamp="2026-06-26T03:01:42.313998+00:00" hostname="agent-env-d81061c4-fdd3-4287-bf2a-a6ce9cb80243"><testcase classname="tests.test_iter12_smoke" name="test_get_clips_returns_list_with_required_fields" time="0.147" /><testcase classname="tests.test_iter12_smoke" name="test_get_events_returns_list" time="0.113" /><testcase classname="tests.test_iter12_smoke" name="test_admin_login_and_me" time="0.375" /><testcase classname="tests.test_iter12_smoke" name="test_admin_can_add_reaction" time="0.159" /></testsuite></testsuites>