<?xml version="1.0" encoding="utf-8"?><testsuites name="pytest tests"><testsuite name="pytest" errors="0" failures="0" skipped="0" tests="25" time="3.653" timestamp="2026-06-26T02:16:35.558739+00:00" hostname="agent-env-d81061c4-fdd3-4287-bf2a-a6ce9cb80243"><testcase classname="tests.test_phase10_admin.TestAdminEndpointsGating" name="test_admin_stats_anon_401" time="0.191" /><testcase classname="tests.test_phase10_admin.TestDeleteClip" name="test_delete_anon_401" time="0.534" /><testcase classname="tests.test_phase10_admin.TestAdminEndpointsGating" name="test_admin_stats_non_admin_403" time="0.413" /><testcase classname="tests.test_phase10_admin.TestDeleteClip" name="test_delete_nonexistent_404" time="0.561" /><testcase classname="tests.test_phase10_admin.TestAdminEndpointsGating" name="test_admin_stats_admin_200" time="0.546" /><testcase classname="tests.test_phase10_admin.TestAdminEndpointsGating" name="test_admin_reports_anon_401" time="0.044" /><testcase classname="tests.test_phase10_admin.TestAdminEndpointsGating" name="test_admin_reports_non_admin_403" time="0.238" /><testcase classname="tests.test_phase10_admin.TestAdminEndpointsGating" name="test_admin_reports_open" time="0.096" /><testcase classname="tests.test_phase10_admin.TestDeleteClip" name="test_non_owner_non_admin_403" time="0.545" /><testcase classname="tests.test_phase10_admin.TestAdminEndpointsGating" name="test_admin_reports_invalid_status_400" time="0.097" /><testcase classname="tests.test_phase10_admin.TestAdminEndpointsGating" name="test_admin_reports_resolved_and_all" time="0.103" /><testcase classname="tests.test_phase10_admin.TestDeleteClip" name="test_admin_can_delete_any_clip_and_cascade" time="0.283" /><testcase classname="tests.test_phase10_admin.TestFlameBadge" name="test_clips_list_has_votes_last_hour_and_is_hot" time="0.047" /><testcase classname="tests.test_phase10_admin.TestFlameBadge" name="test_slotjack_demo_clip_2_is_hot" time="0.057" /><testcase classname="tests.test_phase10_admin.TestFlameBadge" name="test_clip_detail_has_hot_fields" time="0.134" /><testcase classname="tests.test_phase10_admin.TestRegressionSmoke" name="test_clips_root_ok" time="0.102" /><testcase classname="tests.test_phase10_admin.TestAuthMeIsAdmin" name="test_admin_me_is_admin_true" time="0.053" /><testcase classname="tests.test_phase10_admin.TestAuthMeIsAdmin" name="test_random_user_me_is_admin_false" time="0.054" /><testcase classname="tests.test_phase10_admin.TestRegressionSmoke" name="test_login_me_logout_roundtrip" time="0.416" /><testcase classname="tests.test_phase10_admin.TestAuthMeIsAdmin" name="test_anon_me" time="0.328" /><testcase classname="tests.test_phase10_admin.TestResolveReports" name="test_invalid_action_400" time="0.193" /><testcase classname="tests.test_phase10_admin.TestRegressionSmoke" name="test_vote_telegram_gate" time="0.155" /><testcase classname="tests.test_phase10_admin.TestRegressionSmoke" name="test_self_vote_blocked" time="0.243" /><testcase classname="tests.test_phase10_admin.TestResolveReports" name="test_non_admin_resolve_403" time="0.055" /><testcase classname="tests.test_phase10_admin.TestResolveReports" name="test_ignore_then_already_resolved_400" time="0.336" /></testsuite></testsuites>