<?xml version="1.0" encoding="utf-8"?><testsuites name="pytest tests"><testsuite name="pytest" errors="0" failures="0" skipped="0" tests="8" time="1.762" timestamp="2026-06-26T02:53:10.680844+00:00" hostname="agent-env-d81061c4-fdd3-4287-bf2a-a6ce9cb80243"><testcase classname="tests.test_iter11_bugs.TestAuthAndClipListing" name="test_login_me" time="0.575" /><testcase classname="tests.test_iter11_bugs.TestReactions" name="test_reaction_admin_bypass_or_gate" time="0.684" /><testcase classname="tests.test_iter11_bugs.TestAuthAndClipListing" name="test_clips_listing_shape" time="0.060" /><testcase classname="tests.test_iter11_bugs.TestClipSubmissionValidation" name="test_slotjack_url_accepted_or_telegram_gated" time="0.048" /><testcase classname="tests.test_iter11_bugs.TestClipSubmissionValidation" name="test_non_slotjack_url_rejected" time="0.043" /><testcase classname="tests.test_iter11_bugs.TestEventsFeed" name="test_events_returns_list" time="0.284" /><testcase classname="tests.test_iter11_bugs.TestReactions" name="test_reaction_gated_for_no_telegram_user" time="0.429" /><testcase classname="tests.test_iter11_bugs.TestKickClipIdExtraction" name="test_kick_clip_id_format" time="0.053" /></testsuite></testsuites>