<?xml version="1.0" encoding="utf-8"?><testsuites name="pytest tests"><testsuite name="pytest" errors="0" failures="0" skipped="0" tests="28" time="5.949" timestamp="2026-06-26T01:50:20.463419+00:00" hostname="agent-env-d81061c4-fdd3-4287-bf2a-a6ce9cb80243"><testcase classname="tests.test_phase7_contest.TestSmoke" name="test_health" time="0.194" /><testcase classname="tests.test_phase7_contest.TestSmoke" name="test_config" time="0.240" /><testcase classname="tests.test_phase7_contest.TestSlotjackOnlySubmission" name="test_other_streamers_rejected[https://kick.com/randomstreamer/clips/clip_abc-rejects other streamer]" time="0.486" /><testcase classname="tests.test_phase7_contest.TestSmoke" name="test_register_login_me" time="0.817" /><testcase classname="tests.test_phase7_contest.TestSlotjackOnlySubmission" name="test_other_streamers_rejected[https://kick.com/jack/clips/clip_x-rejects partial match]" time="0.057" /><testcase classname="tests.test_phase7_contest.TestSlotjackOnlySubmission" name="test_other_streamers_rejected[https://kick.com/slotjack2/clips/clip_x-rejects suffix match]" time="0.281" /><testcase classname="tests.test_phase7_contest.TestSlotjackOnlySubmission" name="test_other_streamers_rejected[https://kick.com/notslotjack/clips/clip_x-rejects prefix match]" time="0.092" /><testcase classname="tests.test_phase7_contest.TestSlotjackOnlySubmission" name="test_other_streamers_rejected[https://example.com/foo/clips/clip_x-rejects non-kick host]" time="0.048" /><testcase classname="tests.test_phase7_contest.TestSlotjackOnlySubmission" name="test_slotjack_urls_pass_parse_gate[https://kick.com/slotjack/clips/clip_abc123]" time="0.273" /><testcase classname="tests.test_phase7_contest.TestSlotjackOnlySubmission" name="test_slotjack_urls_pass_parse_gate[https://kick.com/@slotjack/clips/clip_def]" time="0.046" /><testcase classname="tests.test_phase7_contest.TestSlotjackOnlySubmission" name="test_slotjack_urls_pass_parse_gate[https://kick.com/SLOTJACK/clips/clip_XYZ]" time="0.046" /><testcase classname="tests.test_phase7_contest.TestSlotjackOnlySubmission" name="test_slotjack_urls_pass_parse_gate[https://kick.com/slotjack/clip/clip_single1]" time="0.247" /><testcase classname="tests.test_phase7_contest.TestSmoke" name="test_user_profile_endpoint_shape" time="0.397" /><testcase classname="tests.test_phase8_counter.TestContestRegression" name="test_anonymous_vote_blocked" time="0.169" /><testcase classname="tests.test_phase7_contest.TestSmoke" name="test_list_clips" time="0.119" /><testcase classname="tests.test_phase8_counter.TestContestRegression" name="test_user_without_telegram_vote_blocked" time="0.666" /><testcase classname="tests.test_phase8_counter.TestRegressionSmoke" name="test_register_login_me" time="1.236" /><testcase classname="tests.test_phase8_counter.TestContestRegression" name="test_unvote_nonexistent_clip_404" time="0.620" /><testcase classname="tests.test_phase8_counter.TestRegressionSmoke" name="test_clips_listing" time="0.143" /><testcase classname="tests.test_phase8_counter.TestCommunityStatsFormula" name="test_formula_multiple_of_multiplier" time="0.139" /><testcase classname="tests.test_phase8_counter.TestRegressionSmoke" name="test_user_profile_public" time="0.142" /><testcase classname="tests.test_phase8_counter.TestCommunityStatsFormula" name="test_register_increments_total_by_multiplier" time="0.950" /><testcase classname="tests.test_phase8_counter.TestRegressionSmoke" name="test_report_clip_requires_auth_or_returns_400" time="0.415" /><testcase classname="tests.test_phase7_contest.TestSelfVoteBlocked" name="test_self_vote_returns_403" time="0.564" /><testcase classname="tests.test_phase7_contest.TestCommunityCounter" name="test_inflated_counts" time="0.181" /><testcase classname="tests.test_phase7_contest.TestUnvoteWeekGate" name="test_unvote_nonexistent_clip_404" time="0.062" /><testcase classname="tests.test_phase7_contest.TestConcurrentVoteRace" name="test_concurrent_votes_only_one_succeeds" time="0.782" /><testcase classname="tests.test_phase7_contest.TestPastWeekVoteBlocked" name="test_past_week_clip_cannot_be_voted" time="0.704" /></testsuite></testsuites>