<?xml version="1.0" encoding="utf-8"?><testsuites name="pytest tests"><testsuite name="pytest" errors="0" failures="1" skipped="0" tests="17" time="3.414" timestamp="2026-06-26T01:19:59.254630+00:00" hostname="agent-env-d81061c4-fdd3-4287-bf2a-a6ce9cb80243"><testcase classname="tests.test_phase6_features.TestReportClip" name="test_unauth_returns_401" time="0.220" /><testcase classname="tests.test_phase6_features.TestRegressionSmoke" name="test_root" time="0.208" /><testcase classname="tests.test_phase6_features.TestRegressionSmoke" name="test_clips_list" time="0.100" /><testcase classname="tests.test_phase6_features.TestRegressionSmoke" name="test_auth_me_anonymous" time="0.047" /><testcase classname="tests.test_phase6_features.TestRegressionSmoke" name="test_login_existing_user" time="0.482" /><testcase classname="tests.test_phase6_features.TestReportClip" name="test_nonexistent_clip_404" time="0.624" /><testcase classname="tests.test_phase6_features.TestReportClip" name="test_reason_too_short_400" time="0.053" /><testcase classname="tests.test_phase6_features.TestReportClip" name="test_reason_too_long_400" time="0.052" /><testcase classname="tests.test_phase6_features.TestReportClip" name="test_reason_empty_400" time="0.283" /><testcase classname="tests.test_phase6_features.TestUserProfile" name="test_profile_valid_user" time="0.482" /><testcase classname="tests.test_phase6_features.TestUserProfile" name="test_profile_nonexistent_user" time="0.053" /><testcase classname="tests.test_phase6_features.TestUserProfile" name="test_testuser_phase3_profile" time="0.058" /><testcase classname="tests.test_phase6_features.TestReportFullFlow" name="test_successful_report" time="0.249" /><testcase classname="tests.test_phase6_features.TestCommunityStats" name="test_anonymous_access" time="0.069" /><testcase classname="tests.test_phase6_features.TestReportFullFlow" name="test_duplicate_report_409" time="0.061" /><testcase classname="tests.test_phase6_features.TestCommunityStats" name="test_count_increments_after_register" time="0.831"><failure message="assert 16 == (14 + 1)">backend/tests/test_phase6_features.py:68: in test_count_increments_after_register
    assert after == before + 1
E   assert 16 == (14 + 1)</failure></testcase><testcase classname="tests.test_phase6_features.TestReportFullFlow" name="test_different_user_can_report_same_clip" time="0.698" /></testsuite></testsuites>