<?xml version="1.0" encoding="utf-8"?><testsuites name="pytest tests"><testsuite name="pytest" errors="2" failures="6" skipped="0" tests="25" time="6.879" timestamp="2026-06-26T00:37:59.904242+00:00" hostname="agent-env-d81061c4-fdd3-4287-bf2a-a6ce9cb80243"><testcase classname="tests.test_phase3_auth.TestRegister" name="test_register_success" time="0.370"><failure message="AssertionError: {&quot;detail&quot;:&quot;Bu kullanıcı adı zaten alınmış&quot;}&#10;assert 409 == 200&#10; +  where 409 = &lt;Response [409]&gt;.status_code">backend/tests/test_phase3_auth.py:49: in test_register_success
    assert r.status_code == 200, r.text
E   AssertionError: {"detail":"Bu kullanıcı adı zaten alınmış"}
E   assert 409 == 200
E    +  where 409 = &lt;Response [409]&gt;.status_code</failure></testcase><testcase classname="tests.test_phase3_auth.TestRegister" name="test_register_duplicate_username_409" time="0.332"><failure message="assert 409 == 200&#10; +  where 409 = &lt;Response [409]&gt;.status_code">backend/tests/test_phase3_auth.py:67: in test_register_duplicate_username_409
    assert r1.status_code == 200
E   assert 409 == 200
E    +  where 409 = &lt;Response [409]&gt;.status_code</failure></testcase><testcase classname="tests.test_phase3_auth.TestRegister" name="test_register_short_password_400" time="0.098" /><testcase classname="tests.test_phase3_auth.TestRegister" name="test_register_invalid_email_422" time="0.106" /><testcase classname="tests.test_phase3_auth.TestRegister" name="test_register_invalid_phone_400" time="0.101" /><testcase classname="tests.test_phase3_auth.TestRegister" name="test_register_invalid_username_400" time="0.107" /><testcase classname="tests.test_phase3_auth.TestLogin" name="test_login_success" time="0.322"><error message="failed on setup with &quot;assert 409 == 200&#10; +  where 409 = &lt;Response [409]&gt;.status_code&quot;">backend/tests/test_phase3_auth.py:105: in registered_user
    assert r.status_code == 200
E   assert 409 == 200
E    +  where 409 = &lt;Response [409]&gt;.status_code</error></testcase><testcase classname="tests.test_phase3_auth.TestLogin" name="test_login_wrong_password_401" time="0.000"><error message="failed on setup with &quot;assert 409 == 200&#10; +  where 409 = &lt;Response [409]&gt;.status_code&quot;">backend/tests/test_phase3_auth.py:105: in registered_user
    assert r.status_code == 200
E   assert 409 == 200
E    +  where 409 = &lt;Response [409]&gt;.status_code</error></testcase><testcase classname="tests.test_phase3_auth.TestLogin" name="test_login_nonexistent_user_401" time="0.099" /><testcase classname="tests.test_phase3_auth.TestMeLogout" name="test_me_no_auth_returns_null" time="0.116" /><testcase classname="tests.test_phase3_auth.TestMeLogout" name="test_me_with_cookie_and_logout" time="0.372"><failure message="assert None is not None">backend/tests/test_phase3_auth.py:141: in test_me_with_cookie_and_logout
    assert body is not None
E   assert None is not None</failure></testcase><testcase classname="tests.test_phase3_auth.TestSetPassword" name="test_set_password_flow" time="0.464" /><testcase classname="tests.test_phase3_auth.TestForgotPassword" name="test_forgot_nonexistent_returns_200_generic" time="0.105" /><testcase classname="tests.test_phase3_auth.TestForgotPassword" name="test_forgot_no_telegram_400" time="0.468"><failure message="assert 200 == 400&#10; +  where 200 = &lt;Response [200]&gt;.status_code">backend/tests/test_phase3_auth.py:200: in test_forgot_no_telegram_400
    assert r.status_code == 400
E   assert 200 == 400
E    +  where 200 = &lt;Response [200]&gt;.status_code</failure></testcase><testcase classname="tests.test_phase3_auth.TestForgotPassword" name="test_forgot_with_telegram_200" time="0.344" /><testcase classname="tests.test_phase3_auth.TestResetPassword" name="test_reset_password_flow" time="1.717" /><testcase classname="tests.test_phase3_auth.TestResetPassword" name="test_reset_invalid_code_404" time="0.121" /><testcase classname="tests.test_phase3_auth.TestResetPassword" name="test_reset_expired_code_410" time="0.321" /><testcase classname="tests.test_phase3_auth.TestGates" name="test_clip_submit_no_auth_401" time="0.099" /><testcase classname="tests.test_phase3_auth.TestGates" name="test_clip_submit_no_telegram_403" time="0.437"><failure message="assert 401 == 403&#10; +  where 401 = &lt;Response [401]&gt;.status_code">backend/tests/test_phase3_auth.py:284: in test_clip_submit_no_telegram_403
    assert r.status_code == 403
E   assert 401 == 403
E    +  where 401 = &lt;Response [401]&gt;.status_code</failure></testcase><testcase classname="tests.test_phase3_auth.TestGates" name="test_vote_no_telegram_403" time="0.374"><failure message="assert 401 == 403&#10; +  where 401 = &lt;Response [401]&gt;.status_code">backend/tests/test_phase3_auth.py:305: in test_vote_no_telegram_403
    assert r.status_code == 403
E   assert 401 == 403
E    +  where 401 = &lt;Response [401]&gt;.status_code</failure></testcase><testcase classname="tests.test_phase3_auth.TestLegacyAuth" name="test_xuserid_header_works" time="0.128" /><testcase classname="tests.test_phase3_auth.TestIndexes" name="test_users_indexes" time="0.001" /><testcase classname="tests.test_phase3_auth.TestIndexes" name="test_password_reset_code_unique" time="0.001" /><testcase classname="tests.test_phase3_auth.TestIndexes" name="test_telegram_id_duplicate_insert_fails" time="0.004" /></testsuite></testsuites>